###############################################################
#  Generated by:      Cadence Innovus 17.11-s080_1
#  OS:                Linux x86_64(Host ID localhost.localdomain)
#  Generated on:      Tue Nov 16 14:25:42 2021
#  Design:            FIR_Filter
#  Command:           verifyConnectivity -type all -error 1000 -warning 50
###############################################################
Verify Connectivity Report is created on Tue Nov 16 14:25:42 2021



Net VDD: has special routes with opens at (0.000, 80.705) (94.430, 81.695)
Net VDD: has special routes with opens at (0.000, 77.940) (94.430, 78.895)
Net VDD: has special routes with opens at (0.000, 75.105) (94.430, 76.095)
Net VDD: has special routes with opens at (0.000, 72.340) (94.430, 73.300)
Net VDD: has special routes with opens at (0.000, 69.505) (94.430, 70.495)
Net VDD: has special routes with opens at (0.000, 83.540) (94.430, 84.495)
Net VDD: has special routes with opens at (0.000, 86.340) (94.430, 87.295)
Net VDD: has special routes with opens at (0.000, 89.105) (94.430, 90.095)
Net VDD: has special routes with opens at (0.000, 91.905) (94.430, 92.485)
Net VDD: has special routes with opens at (0.000, 66.705) (94.430, 67.695)
Net VDD: has special routes with opens at (0.000, 63.905) (94.430, 64.860)
Net VDD: has special routes with opens at (0.000, 61.140) (94.430, 62.100)
Net VDD: has special routes with opens at (0.000, 58.305) (94.430, 59.260)
Net VDD: has special routes with opens at (0.000, 55.505) (94.430, 56.495)
Net VDD: has special routes with opens at (0.000, 52.705) (94.430, 53.695)
Net VDD: has special routes with opens at (0.000, 49.940) (94.430, 50.895)
Net VDD: has special routes with opens at (0.000, 47.140) (94.430, 48.060)
Net VDD: has special routes with opens at (0.000, 44.340) (94.430, 45.295)
Net VDD: has special routes with opens at (0.000, 41.505) (94.430, 42.460)
Net VDD: has special routes with opens at (0.000, 38.705) (94.430, 39.695)
Net VDD: has special routes with opens at (0.000, 35.940) (94.430, 36.860)
Net VDD: has special routes with opens at (0.000, 33.105) (94.430, 34.095)
Net VDD: has special routes with opens at (0.000, 30.305) (94.430, 31.295)
Net VDD: has special routes with opens at (0.000, 27.505) (94.430, 28.460)
Net VDD: has special routes with opens at (0.000, 24.740) (94.430, 25.660)
Net VDD: has special routes with opens at (0.000, 21.940) (94.430, 22.895)
Net VDD: has special routes with opens at (0.000, 19.105) (94.430, 20.060)
Net VDD: has special routes with opens at (0.000, 16.305) (94.430, 17.260)
Net VDD: has special routes with opens at (0.000, 13.540) (94.430, 14.460)
Net VDD: has special routes with opens at (0.000, 10.705) (94.430, 11.695)
Net VDD: has special routes with opens at (0.000, 7.905) (94.430, 8.895)
Net VDD: has special routes with opens at (0.000, 5.105) (94.430, 6.095)
Net VDD: has special routes with opens at (0.000, 2.305) (94.430, 3.295)
Net VDD: has special routes with opens at (0.000, -0.085) (94.430, 0.495)
Net VSS: has special routes with opens at (0.000, 90.540) (94.430, 91.450)
Net VSS: has special routes with opens at (0.000, 87.740) (94.430, 88.660)
Net VSS: has special routes with opens at (0.000, 70.940) (94.430, 71.860)
Net VSS: has special routes with opens at (0.000, 73.740) (94.430, 74.660)
Net VSS: has special routes with opens at (0.000, 76.540) (94.430, 77.460)
Net VSS: has special routes with opens at (0.000, 79.340) (94.430, 80.260)
Net VSS: has special routes with opens at (0.000, 82.140) (94.430, 83.060)
Net VSS: has special routes with opens at (0.000, 84.940) (94.430, 85.860)
Net VSS: has special routes with opens at (0.000, 48.575) (94.430, 49.460)
Net VSS: has special routes with opens at (0.000, 51.340) (94.430, 52.260)
Net VSS: has special routes with opens at (0.000, 54.140) (94.430, 55.060)
Net VSS: has special routes with opens at (0.000, 56.940) (94.430, 57.860)
Net VSS: has special routes with opens at (0.000, 59.740) (94.430, 60.625)
Net VSS: has special routes with opens at (0.000, 62.540) (94.430, 63.460)
Net VSS: has special routes with opens at (0.000, 65.340) (94.430, 66.260)
Net VSS: has special routes with opens at (0.000, 68.140) (94.430, 69.060)
Net VSS: has special routes with opens at (0.000, 42.940) (94.430, 43.825)
Net VSS: has special routes with opens at (0.000, 40.140) (94.430, 41.060)
Net VSS: has special routes with opens at (0.000, 23.340) (94.430, 24.260)
Net VSS: has special routes with opens at (0.000, 26.140) (94.430, 27.060)
Net VSS: has special routes with opens at (0.000, 28.940) (94.430, 29.860)
Net VSS: has special routes with opens at (0.000, 31.740) (94.430, 32.660)
Net VSS: has special routes with opens at (0.000, 34.540) (94.430, 35.460)
Net VSS: has special routes with opens at (0.000, 37.340) (94.430, 38.260)
Net VSS: has special routes with opens at (0.000, 0.950) (94.430, 1.850)
Net VSS: has special routes with opens at (0.000, 3.740) (94.430, 4.650)
Net VSS: has special routes with opens at (0.000, 6.550) (94.430, 7.460)
Net VSS: has special routes with opens at (0.000, 9.375) (94.430, 10.250)
Net VSS: has special routes with opens at (0.000, 12.140) (94.430, 13.025)
Net VSS: has special routes with opens at (0.000, 14.940) (94.430, 15.860)
Net VSS: has special routes with opens at (0.000, 17.740) (94.430, 18.660)
Net VSS: has special routes with opens at (0.000, 20.540) (94.430, 21.460)
Net VSS: has special routes with opens at (0.000, 45.740) (94.430, 46.660)

Begin Summary
    67 Problem(s) (IMPVFC-200): Special Wires: Pieces of the net are not connected together.
    67 total info(s) created.
End Summary
